Music/system monitor/android/app/build/intermediates/manifest_merge_blame_file/debug/processDebugMainManifest/manifest-merger-blame-debug-report.txt
1<?xml version="1.0" encoding="utf-8"?>
2<manifest xmlns:android="http://schemas.android.com/apk/res/android"
3    package="com.soc.agent"
4    android:versionCode="1"
5    android:versionName="1.0.0" >
6
7    <uses-sdk
8        android:minSdkVersion="26"
9        android:targetSdkVersion="34" />
10
11    <uses-permission android:name="android.permission.INTERNET" />
11-->src\main\AndroidManifest.xml:5:5-67
11-->src\main\AndroidManifest.xml:5:22-64
12    <uses-permission android:name="android.permission.ACCESS_NETWORK_STATE" />
12-->src\main\AndroidManifest.xml:6:5-79
12-->src\main\AndroidManifest.xml:6:22-76
13    <uses-permission android:name="android.permission.ACCESS_WIFI_STATE" />
13-->src\main\AndroidManifest.xml:7:5-76
13-->src\main\AndroidManifest.xml:7:22-73
14    <uses-permission android:name="android.permission.READ_PHONE_STATE" />
14-->src\main\AndroidManifest.xml:8:5-75
14-->src\main\AndroidManifest.xml:8:22-72
15    <uses-permission android:name="android.permission.POST_NOTIFICATIONS" />
15-->src\main\AndroidManifest.xml:9:5-77
15-->src\main\AndroidManifest.xml:9:22-74
16    <uses-permission android:name="android.permission.FOREGROUND_SERVICE" />
16-->src\main\AndroidManifest.xml:10:5-77
16-->src\main\AndroidManifest.xml:10:22-74
17    <uses-permission android:name="android.permission.FOREGROUND_SERVICE_DATA_SYNC" />
17-->src\main\AndroidManifest.xml:11:5-87
17-->src\main\AndroidManifest.xml:11:22-84
18    <uses-permission android:name="android.permission.WAKE_LOCK" />
18-->src\main\AndroidManifest.xml:12:5-68
18-->src\main\AndroidManifest.xml:12:22-65
19
20    <!--
21         Special access (user-granted in Settings > Apps > Usage access); the
22         App Lock watcher needs it to observe which app is in the foreground.
23    -->
24    <uses-permission android:name="android.permission.PACKAGE_USAGE_STATS" />
24-->src\main\AndroidManifest.xml:16:5-18:47
24-->src\main\AndroidManifest.xml:17:9-62
25    <uses-permission android:name="android.permission.USE_BIOMETRIC" /> <!-- suppress DeprecatedClassUsageInspection -->
25-->[androidx.biometric:biometric:1.1.0] AndroidManifest.xml:24:5-72
25-->[androidx.biometric:biometric:1.1.0] AndroidManifest.xml:24:22-69
26    <uses-permission android:name="android.permission.USE_FINGERPRINT" />
26-->[androidx.biometric:biometric:1.1.0] AndroidManifest.xml:27:5-74
26-->[androidx.biometric:biometric:1.1.0] AndroidManifest.xml:27:22-71
27    <uses-permission android:name="android.permission.RECEIVE_BOOT_COMPLETED" />
27-->[androidx.work:work-runtime:2.9.1] AndroidManifest.xml:25:5-81
27-->[androidx.work:work-runtime:2.9.1] AndroidManifest.xml:25:22-78
28
29    <permission
29-->[androidx.core:core:1.13.1] AndroidManifest.xml:22:5-24:47
30        android:name="com.soc.agent.DYNAMIC_RECEIVER_NOT_EXPORTED_PERMISSION"
30-->[androidx.core:core:1.13.1] AndroidManifest.xml:23:9-81
31        android:protectionLevel="signature" />
31-->[androidx.core:core:1.13.1] AndroidManifest.xml:24:9-44
32
33    <uses-permission android:name="com.soc.agent.DYNAMIC_RECEIVER_NOT_EXPORTED_PERMISSION" />
33-->[androidx.core:core:1.13.1] AndroidManifest.xml:26:5-97
33-->[androidx.core:core:1.13.1] AndroidManifest.xml:26:22-94
34
35    <application
35-->src\main\AndroidManifest.xml:20:5-112:19
36        android:name="com.soc.agent.App"
36-->src\main\AndroidManifest.xml:21:9-28
37        android:allowBackup="true"
37-->src\main\AndroidManifest.xml:22:9-35
38        android:appComponentFactory="androidx.core.app.CoreComponentFactory"
38-->[androidx.core:core:1.13.1] AndroidManifest.xml:28:18-86
39        android:dataExtractionRules="@xml/data_extraction_rules"
39-->src\main\AndroidManifest.xml:23:9-65
40        android:debuggable="true"
41        android:extractNativeLibs="false"
42        android:fullBackupContent="@xml/backup_rules"
42-->src\main\AndroidManifest.xml:24:9-54
43        android:icon="@mipmap/ic_launcher"
43-->src\main\AndroidManifest.xml:25:9-43
44        android:label="@string/app_name"
44-->src\main\AndroidManifest.xml:26:9-41
45        android:networkSecurityConfig="@xml/network_security_config"
45-->src\main\AndroidManifest.xml:27:9-69
46        android:supportsRtl="true"
46-->src\main\AndroidManifest.xml:28:9-35
47        android:theme="@style/Theme.SOCAgent"
47-->src\main\AndroidManifest.xml:29:9-46
48        android:usesCleartextTraffic="true" >
48-->src\main\AndroidManifest.xml:30:9-44
49
50        <!-- Launcher / login entry point -->
51        <activity
51-->src\main\AndroidManifest.xml:33:9-40:20
52            android:name="com.soc.agent.ui.LoginActivity"
52-->src\main\AndroidManifest.xml:34:13-45
53            android:exported="true" >
53-->src\main\AndroidManifest.xml:35:13-36
54            <intent-filter>
54-->src\main\AndroidManifest.xml:36:13-39:29
55                <action android:name="android.intent.action.MAIN" />
55-->src\main\AndroidManifest.xml:37:17-69
55-->src\main\AndroidManifest.xml:37:25-66
56
57                <category android:name="android.intent.category.LAUNCHER" />
57-->src\main\AndroidManifest.xml:38:17-77
57-->src\main\AndroidManifest.xml:38:27-74
58            </intent-filter>
59        </activity>
60
61        <!-- Main dashboard (not exported — internal navigation only) -->
62        <activity
62-->src\main\AndroidManifest.xml:43:9-45:40
63            android:name="com.soc.agent.ui.MainActivity"
63-->src\main\AndroidManifest.xml:44:13-44
64            android:exported="false" />
64-->src\main\AndroidManifest.xml:45:13-37
65
66        <!-- PIN lock overlay (not exported, singleTop so it never stacks) -->
67        <activity
67-->src\main\AndroidManifest.xml:48:9-51:46
68            android:name="com.soc.agent.ui.PinLockActivity"
68-->src\main\AndroidManifest.xml:49:13-47
69            android:exported="false"
69-->src\main\AndroidManifest.xml:50:13-37
70            android:launchMode="singleTop" />
70-->src\main\AndroidManifest.xml:51:13-43
71
72        <!--
73             App Lock unlock gate (PIN or pattern). Not exported; launched
74             internally by the watcher service and the dashboard.
75        -->
76        <activity
76-->src\main\AndroidManifest.xml:55:9-61:39
77            android:name="com.soc.agent.ui.AppLockGateActivity"
77-->src\main\AndroidManifest.xml:56:13-51
78            android:excludeFromRecents="true"
78-->src\main\AndroidManifest.xml:57:13-46
79            android:exported="false"
79-->src\main\AndroidManifest.xml:58:13-37
80            android:launchMode="singleTop"
80-->src\main\AndroidManifest.xml:59:13-43
81            android:noHistory="true"
81-->src\main\AndroidManifest.xml:60:13-37
82            android:taskAffinity="" />
82-->src\main\AndroidManifest.xml:61:13-36
83
84        <!-- Choose Unlock Method screen. -->
85        <activity
85-->src\main\AndroidManifest.xml:64:9-67:53
86            android:name="com.soc.agent.ui.applock.ChooseUnlockMethodActivity"
86-->src\main\AndroidManifest.xml:65:13-66
87            android:exported="false"
87-->src\main\AndroidManifest.xml:66:13-37
88            android:theme="@style/Theme.SOCAgent" />
88-->src\main\AndroidManifest.xml:67:13-50
89
90        <!-- Foreground watcher that enforces per-app locks. -->
91        <service
91-->src\main\AndroidManifest.xml:70:9-73:56
92            android:name="com.soc.agent.services.AppLockService"
92-->src\main\AndroidManifest.xml:71:13-52
93            android:exported="false"
93-->src\main\AndroidManifest.xml:72:13-37
94            android:foregroundServiceType="dataSync" />
94-->src\main\AndroidManifest.xml:73:13-53
95
96        <!-- Fake crash dialog (shown when fake crash is enabled and unlock fails). -->
97        <activity
97-->src\main\AndroidManifest.xml:76:9-82:73
98            android:name="com.soc.agent.ui.FakeCrashActivity"
98-->src\main\AndroidManifest.xml:77:13-49
99            android:excludeFromRecents="true"
99-->src\main\AndroidManifest.xml:78:13-46
100            android:exported="false"
100-->src\main\AndroidManifest.xml:79:13-37
101            android:launchMode="singleTop"
101-->src\main\AndroidManifest.xml:80:13-43
102            android:noHistory="true"
102-->src\main\AndroidManifest.xml:81:13-37
103            android:theme="@style/Theme.AppCompat.Light.Dialog.Alert" />
103-->src\main\AndroidManifest.xml:82:13-70
104
105        <!-- App Usage watcher (foreground service tracking app usage). -->
106        <service
106-->src\main\AndroidManifest.xml:85:9-88:56
107            android:name="com.soc.agent.services.AppUsageService"
107-->src\main\AndroidManifest.xml:86:13-53
108            android:exported="false"
108-->src\main\AndroidManifest.xml:87:13-37
109            android:foregroundServiceType="dataSync" />
109-->src\main\AndroidManifest.xml:88:13-53
110
111        <!-- Notification Count listener (captures all posted notifications for analytics). -->
112        <service
112-->src\main\AndroidManifest.xml:91:9-98:19
113            android:name="com.soc.agent.services.NotificationCountService"
113-->src\main\AndroidManifest.xml:92:13-62
114            android:exported="true"
114-->src\main\AndroidManifest.xml:93:13-36
115            android:permission="android.permission.BIND_NOTIFICATION_LISTENER_SERVICE" >
115-->src\main\AndroidManifest.xml:94:13-87
116            <intent-filter>
116-->src\main\AndroidManifest.xml:95:13-97:29
117                <action android:name="android.service.notification.NotificationListenerService" />
117-->src\main\AndroidManifest.xml:96:17-99
117-->src\main\AndroidManifest.xml:96:25-96
118            </intent-filter>
119        </service>
120
121        <!-- Accessibility Service for App Lock foreground app detection. -->
122        <service
122-->src\main\AndroidManifest.xml:101:9-111:19
123            android:name="com.soc.agent.services.AppLockAccessibilityService"
123-->src\main\AndroidManifest.xml:102:13-65
124            android:exported="true"
124-->src\main\AndroidManifest.xml:103:13-36
125            android:permission="android.permission.BIND_ACCESSIBILITY_SERVICE" >
125-->src\main\AndroidManifest.xml:104:13-79
126            <intent-filter>
126-->src\main\AndroidManifest.xml:105:13-107:29
127                <action android:name="android.accessibilityservice.AccessibilityService" />
127-->src\main\AndroidManifest.xml:106:17-92
127-->src\main\AndroidManifest.xml:106:25-89
128            </intent-filter>
129
130            <meta-data
130-->src\main\AndroidManifest.xml:108:13-110:72
131                android:name="android.accessibilityservice"
131-->src\main\AndroidManifest.xml:109:17-60
132                android:resource="@xml/accessibility_service_config" />
132-->src\main\AndroidManifest.xml:110:17-69
133        </service>
134
135        <provider
135-->[androidx.emoji2:emoji2:1.3.0] AndroidManifest.xml:24:9-32:20
136            android:name="androidx.startup.InitializationProvider"
136-->[androidx.emoji2:emoji2:1.3.0] AndroidManifest.xml:25:13-67
137            android:authorities="com.soc.agent.androidx-startup"
137-->[androidx.emoji2:emoji2:1.3.0] AndroidManifest.xml:26:13-68
138            android:exported="false" >
138-->[androidx.emoji2:emoji2:1.3.0] AndroidManifest.xml:27:13-37
139            <meta-data
139-->[androidx.emoji2:emoji2:1.3.0] AndroidManifest.xml:29:13-31:52
140                android:name="androidx.emoji2.text.EmojiCompatInitializer"
140-->[androidx.emoji2:emoji2:1.3.0] AndroidManifest.xml:30:17-75
141                android:value="androidx.startup" />
141-->[androidx.emoji2:emoji2:1.3.0] AndroidManifest.xml:31:17-49
142            <meta-data
142-->[androidx.work:work-runtime:2.9.1] AndroidManifest.xml:34:13-36:52
143                android:name="androidx.work.WorkManagerInitializer"
143-->[androidx.work:work-runtime:2.9.1] AndroidManifest.xml:35:17-68
144                android:value="androidx.startup" />
144-->[androidx.work:work-runtime:2.9.1] AndroidManifest.xml:36:17-49
145            <meta-data
145-->[androidx.lifecycle:lifecycle-process:2.8.4] AndroidManifest.xml:29:13-31:52
146                android:name="androidx.lifecycle.ProcessLifecycleInitializer"
146-->[androidx.lifecycle:lifecycle-process:2.8.4] AndroidManifest.xml:30:17-78
147                android:value="androidx.startup" />
147-->[androidx.lifecycle:lifecycle-process:2.8.4] AndroidManifest.xml:31:17-49
148            <meta-data
148-->[androidx.profileinstaller:profileinstaller:1.3.1] AndroidManifest.xml:29:13-31:52
149                android:name="androidx.profileinstaller.ProfileInstallerInitializer"
149-->[androidx.profileinstaller:profileinstaller:1.3.1] AndroidManifest.xml:30:17-85
150                android:value="androidx.startup" />
150-->[androidx.profileinstaller:profileinstaller:1.3.1] AndroidManifest.xml:31:17-49
151        </provider>
152
153        <service
153-->[androidx.work:work-runtime:2.9.1] AndroidManifest.xml:39:9-45:35
154            android:name="androidx.work.impl.background.systemalarm.SystemAlarmService"
154-->[androidx.work:work-runtime:2.9.1] AndroidManifest.xml:40:13-88
155            android:directBootAware="false"
155-->[androidx.work:work-runtime:2.9.1] AndroidManifest.xml:41:13-44
156            android:enabled="@bool/enable_system_alarm_service_default"
156-->[androidx.work:work-runtime:2.9.1] AndroidManifest.xml:42:13-72
157            android:exported="false" />
157-->[androidx.work:work-runtime:2.9.1] AndroidManifest.xml:43:13-37
158        <service
158-->[androidx.work:work-runtime:2.9.1] AndroidManifest.xml:46:9-52:35
159            android:name="androidx.work.impl.background.systemjob.SystemJobService"
159-->[androidx.work:work-runtime:2.9.1] AndroidManifest.xml:47:13-84
160            android:directBootAware="false"
160-->[androidx.work:work-runtime:2.9.1] AndroidManifest.xml:48:13-44
161            android:enabled="@bool/enable_system_job_service_default"
161-->[androidx.work:work-runtime:2.9.1] AndroidManifest.xml:49:13-70
162            android:exported="true"
162-->[androidx.work:work-runtime:2.9.1] AndroidManifest.xml:50:13-36
163            android:permission="android.permission.BIND_JOB_SERVICE" />
163-->[androidx.work:work-runtime:2.9.1] AndroidManifest.xml:51:13-69
164        <service
164-->[androidx.work:work-runtime:2.9.1] AndroidManifest.xml:53:9-59:35
165            android:name="androidx.work.impl.foreground.SystemForegroundService"
165-->[androidx.work:work-runtime:2.9.1] AndroidManifest.xml:54:13-81
166            android:directBootAware="false"
166-->[androidx.work:work-runtime:2.9.1] AndroidManifest.xml:55:13-44
167            android:enabled="@bool/enable_system_foreground_service_default"
167-->[androidx.work:work-runtime:2.9.1] AndroidManifest.xml:56:13-77
168            android:exported="false" />
168-->[androidx.work:work-runtime:2.9.1] AndroidManifest.xml:57:13-37
169
170        <receiver
170-->[androidx.work:work-runtime:2.9.1] AndroidManifest.xml:61:9-66:35
171            android:name="androidx.work.impl.utils.ForceStopRunnable$BroadcastReceiver"
171-->[androidx.work:work-runtime:2.9.1] AndroidManifest.xml:62:13-88
172            android:directBootAware="false"
172-->[androidx.work:work-runtime:2.9.1] AndroidManifest.xml:63:13-44
173            android:enabled="true"
173-->[androidx.work:work-runtime:2.9.1] AndroidManifest.xml:64:13-35
174            android:exported="false" />
174-->[androidx.work:work-runtime:2.9.1] AndroidManifest.xml:65:13-37
175        <receiver
175-->[androidx.work:work-runtime:2.9.1] AndroidManifest.xml:67:9-77:20
176            android:name="androidx.work.impl.background.systemalarm.ConstraintProxy$BatteryChargingProxy"
176-->[androidx.work:work-runtime:2.9.1] AndroidManifest.xml:68:13-106
177            android:directBootAware="false"
177-->[androidx.work:work-runtime:2.9.1] AndroidManifest.xml:69:13-44
178            android:enabled="false"
178-->[androidx.work:work-runtime:2.9.1] AndroidManifest.xml:70:13-36
179            android:exported="false" >
179-->[androidx.work:work-runtime:2.9.1] AndroidManifest.xml:71:13-37
180            <intent-filter>
180-->[androidx.work:work-runtime:2.9.1] AndroidManifest.xml:73:13-76:29
181                <action android:name="android.intent.action.ACTION_POWER_CONNECTED" />
181-->[androidx.work:work-runtime:2.9.1] AndroidManifest.xml:74:17-87
181-->[androidx.work:work-runtime:2.9.1] AndroidManifest.xml:74:25-84
182                <action android:name="android.intent.action.ACTION_POWER_DISCONNECTED" />
182-->[androidx.work:work-runtime:2.9.1] AndroidManifest.xml:75:17-90
182-->[androidx.work:work-runtime:2.9.1] AndroidManifest.xml:75:25-87
183            </intent-filter>
184        </receiver>
185        <receiver
185-->[androidx.work:work-runtime:2.9.1] AndroidManifest.xml:78:9-88:20
186            android:name="androidx.work.impl.background.systemalarm.ConstraintProxy$BatteryNotLowProxy"
186-->[androidx.work:work-runtime:2.9.1] AndroidManifest.xml:79:13-104
187            android:directBootAware="false"
187-->[androidx.work:work-runtime:2.9.1] AndroidManifest.xml:80:13-44
188            android:enabled="false"
188-->[androidx.work:work-runtime:2.9.1] AndroidManifest.xml:81:13-36
189            android:exported="false" >
189-->[androidx.work:work-runtime:2.9.1] AndroidManifest.xml:82:13-37
190            <intent-filter>
190-->[androidx.work:work-runtime:2.9.1] AndroidManifest.xml:84:13-87:29
191                <action android:name="android.intent.action.BATTERY_OKAY" />
191-->[androidx.work:work-runtime:2.9.1] AndroidManifest.xml:85:17-77
191-->[androidx.work:work-runtime:2.9.1] AndroidManifest.xml:85:25-74
192                <action android:name="android.intent.action.BATTERY_LOW" />
192-->[androidx.work:work-runtime:2.9.1] AndroidManifest.xml:86:17-76
192-->[androidx.work:work-runtime:2.9.1] AndroidManifest.xml:86:25-73
193            </intent-filter>
194        </receiver>
195        <receiver
195-->[androidx.work:work-runtime:2.9.1] AndroidManifest.xml:89:9-99:20
196            android:name="androidx.work.impl.background.systemalarm.ConstraintProxy$StorageNotLowProxy"
196-->[androidx.work:work-runtime:2.9.1] AndroidManifest.xml:90:13-104
197            android:directBootAware="false"
197-->[androidx.work:work-runtime:2.9.1] AndroidManifest.xml:91:13-44
198            android:enabled="false"
198-->[androidx.work:work-runtime:2.9.1] AndroidManifest.xml:92:13-36
199            android:exported="false" >
199-->[androidx.work:work-runtime:2.9.1] AndroidManifest.xml:93:13-37
200            <intent-filter>
200-->[androidx.work:work-runtime:2.9.1] AndroidManifest.xml:95:13-98:29
201                <action android:name="android.intent.action.DEVICE_STORAGE_LOW" />
201-->[androidx.work:work-runtime:2.9.1] AndroidManifest.xml:96:17-83
201-->[androidx.work:work-runtime:2.9.1] AndroidManifest.xml:96:25-80
202                <action android:name="android.intent.action.DEVICE_STORAGE_OK" />
202-->[androidx.work:work-runtime:2.9.1] AndroidManifest.xml:97:17-82
202-->[androidx.work:work-runtime:2.9.1] AndroidManifest.xml:97:25-79
203            </intent-filter>
204        </receiver>
205        <receiver
205-->[androidx.work:work-runtime:2.9.1] AndroidManifest.xml:100:9-109:20
206            android:name="androidx.work.impl.background.systemalarm.ConstraintProxy$NetworkStateProxy"
206-->[androidx.work:work-runtime:2.9.1] AndroidManifest.xml:101:13-103
207            android:directBootAware="false"
207-->[androidx.work:work-runtime:2.9.1] AndroidManifest.xml:102:13-44
208            android:enabled="false"
208-->[androidx.work:work-runtime:2.9.1] AndroidManifest.xml:103:13-36
209            android:exported="false" >
209-->[androidx.work:work-runtime:2.9.1] AndroidManifest.xml:104:13-37
210            <intent-filter>
210-->[androidx.work:work-runtime:2.9.1] AndroidManifest.xml:106:13-108:29
211                <action android:name="android.net.conn.CONNECTIVITY_CHANGE" />
211-->[androidx.work:work-runtime:2.9.1] AndroidManifest.xml:107:17-79
211-->[androidx.work:work-runtime:2.9.1] AndroidManifest.xml:107:25-76
212            </intent-filter>
213        </receiver>
214        <receiver
214-->[androidx.work:work-runtime:2.9.1] AndroidManifest.xml:110:9-121:20
215            android:name="androidx.work.impl.background.systemalarm.RescheduleReceiver"
215-->[androidx.work:work-runtime:2.9.1] AndroidManifest.xml:111:13-88
216            android:directBootAware="false"
216-->[androidx.work:work-runtime:2.9.1] AndroidManifest.xml:112:13-44
217            android:enabled="false"
217-->[androidx.work:work-runtime:2.9.1] AndroidManifest.xml:113:13-36
218            android:exported="false" >
218-->[androidx.work:work-runtime:2.9.1] AndroidManifest.xml:114:13-37
219            <intent-filter>
219-->[androidx.work:work-runtime:2.9.1] AndroidManifest.xml:116:13-120:29
220                <action android:name="android.intent.action.BOOT_COMPLETED" />
220-->[androidx.work:work-runtime:2.9.1] AndroidManifest.xml:117:17-79
220-->[androidx.work:work-runtime:2.9.1] AndroidManifest.xml:117:25-76
221                <action android:name="android.intent.action.TIME_SET" />
221-->[androidx.work:work-runtime:2.9.1] AndroidManifest.xml:118:17-73
221-->[androidx.work:work-runtime:2.9.1] AndroidManifest.xml:118:25-70
222                <action android:name="android.intent.action.TIMEZONE_CHANGED" />
222-->[androidx.work:work-runtime:2.9.1] AndroidManifest.xml:119:17-81
222-->[androidx.work:work-runtime:2.9.1] AndroidManifest.xml:119:25-78
223            </intent-filter>
224        </receiver>
225        <receiver
225-->[androidx.work:work-runtime:2.9.1] AndroidManifest.xml:122:9-131:20
226            android:name="androidx.work.impl.background.systemalarm.ConstraintProxyUpdateReceiver"
226-->[androidx.work:work-runtime:2.9.1] AndroidManifest.xml:123:13-99
227            android:directBootAware="false"
227-->[androidx.work:work-runtime:2.9.1] AndroidManifest.xml:124:13-44
228            android:enabled="@bool/enable_system_alarm_service_default"
228-->[androidx.work:work-runtime:2.9.1] AndroidManifest.xml:125:13-72
229            android:exported="false" >
229-->[androidx.work:work-runtime:2.9.1] AndroidManifest.xml:126:13-37
230            <intent-filter>
230-->[androidx.work:work-runtime:2.9.1] AndroidManifest.xml:128:13-130:29
231                <action android:name="androidx.work.impl.background.systemalarm.UpdateProxies" />
231-->[androidx.work:work-runtime:2.9.1] AndroidManifest.xml:129:17-98
231-->[androidx.work:work-runtime:2.9.1] AndroidManifest.xml:129:25-95
232            </intent-filter>
233        </receiver>
234        <receiver
234-->[androidx.work:work-runtime:2.9.1] AndroidManifest.xml:132:9-142:20
235            android:name="androidx.work.impl.diagnostics.DiagnosticsReceiver"
235-->[androidx.work:work-runtime:2.9.1] AndroidManifest.xml:133:13-78
236            android:directBootAware="false"
236-->[androidx.work:work-runtime:2.9.1] AndroidManifest.xml:134:13-44
237            android:enabled="true"
237-->[androidx.work:work-runtime:2.9.1] AndroidManifest.xml:135:13-35
238            android:exported="true"
238-->[androidx.work:work-runtime:2.9.1] AndroidManifest.xml:136:13-36
239            android:permission="android.permission.DUMP" >
239-->[androidx.work:work-runtime:2.9.1] AndroidManifest.xml:137:13-57
240            <intent-filter>
240-->[androidx.work:work-runtime:2.9.1] AndroidManifest.xml:139:13-141:29
241                <action android:name="androidx.work.diagnostics.REQUEST_DIAGNOSTICS" />
241-->[androidx.work:work-runtime:2.9.1] AndroidManifest.xml:140:17-88
241-->[androidx.work:work-runtime:2.9.1] AndroidManifest.xml:140:25-85
242            </intent-filter>
243        </receiver>
244
245        <service
245-->[androidx.room:room-runtime:2.6.1] AndroidManifest.xml:24:9-28:63
246            android:name="androidx.room.MultiInstanceInvalidationService"
246-->[androidx.room:room-runtime:2.6.1] AndroidManifest.xml:25:13-74
247            android:directBootAware="true"
247-->[androidx.room:room-runtime:2.6.1] AndroidManifest.xml:26:13-43
248            android:exported="false" />
248-->[androidx.room:room-runtime:2.6.1] AndroidManifest.xml:27:13-37
249
250        <receiver
250-->[androidx.profileinstaller:profileinstaller:1.3.1] AndroidManifest.xml:34:9-52:20
251            android:name="androidx.profileinstaller.ProfileInstallReceiver"
251-->[androidx.profileinstaller:profileinstaller:1.3.1] AndroidManifest.xml:35:13-76
252            android:directBootAware="false"
252-->[androidx.profileinstaller:profileinstaller:1.3.1] AndroidManifest.xml:36:13-44
253            android:enabled="true"
253-->[androidx.profileinstaller:profileinstaller:1.3.1] AndroidManifest.xml:37:13-35
254            android:exported="true"
254-->[androidx.profileinstaller:profileinstaller:1.3.1] AndroidManifest.xml:38:13-36
255            android:permission="android.permission.DUMP" >
255-->[androidx.profileinstaller:profileinstaller:1.3.1] AndroidManifest.xml:39:13-57
256            <intent-filter>
256-->[androidx.profileinstaller:profileinstaller:1.3.1] AndroidManifest.xml:40:13-42:29
257                <action android:name="androidx.profileinstaller.action.INSTALL_PROFILE" />
257-->[androidx.profileinstaller:profileinstaller:1.3.1] AndroidManifest.xml:41:17-91
257-->[androidx.profileinstaller:profileinstaller:1.3.1] AndroidManifest.xml:41:25-88
258            </intent-filter>
259            <intent-filter>
259-->[androidx.profileinstaller:profileinstaller:1.3.1] AndroidManifest.xml:43:13-45:29
260                <action android:name="androidx.profileinstaller.action.SKIP_FILE" />
260-->[androidx.profileinstaller:profileinstaller:1.3.1] AndroidManifest.xml:44:17-85
260-->[androidx.profileinstaller:profileinstaller:1.3.1] AndroidManifest.xml:44:25-82
261            </intent-filter>
262            <intent-filter>
262-->[androidx.profileinstaller:profileinstaller:1.3.1] AndroidManifest.xml:46:13-48:29
263                <action android:name="androidx.profileinstaller.action.SAVE_PROFILE" />
263-->[androidx.profileinstaller:profileinstaller:1.3.1] AndroidManifest.xml:47:17-88
263-->[androidx.profileinstaller:profileinstaller:1.3.1] AndroidManifest.xml:47:25-85
264            </intent-filter>
265            <intent-filter>
265-->[androidx.profileinstaller:profileinstaller:1.3.1] AndroidManifest.xml:49:13-51:29
266                <action android:name="androidx.profileinstaller.action.BENCHMARK_OPERATION" />
266-->[androidx.profileinstaller:profileinstaller:1.3.1] AndroidManifest.xml:50:17-95
266-->[androidx.profileinstaller:profileinstaller:1.3.1] AndroidManifest.xml:50:25-92
267            </intent-filter>
268        </receiver>
269    </application>
270
271</manifest>